<?xml version="1.0" encoding="UTF-8"?>
<robot generator="Robot 6.0.1 (Python 3.11.0 on win32)" generated="20221121 16:22:23.721" rpa="false" schemaversion="3">
<suite id="s1" name="Tc" source="D:\robotframework\testcases\tc.robot">
<test id="s1-t1" name="opening orangehrm in browser" line="6">
<kw name="browser should be open" library="demo_1">
<kw name="Open Browser" library="SeleniumLibrary">
<arg>${url}</arg>
<arg>${browser}</arg>
<doc>Opens a new browser instance to the optional ``url``.</doc>
<msg timestamp="20221121 16:22:24.297" level="INFO">Opening browser 'chrome' to base url 'https://opensource-demo.orangehrmlive.com/web/index.php/auth/login'.</msg>
<status status="PASS" starttime="20221121 16:22:24.296" endtime="20221121 16:22:30.386"/>
</kw>
<kw name="Maximize Browser Window" library="SeleniumLibrary">
<doc>Maximizes current browser window.</doc>
<status status="PASS" starttime="20221121 16:22:30.386" endtime="20221121 16:22:30.525"/>
</kw>
<kw name="Sleep" library="BuiltIn">
<arg>5</arg>
<doc>Pauses the test executed for the given time.</doc>
<msg timestamp="20221121 16:22:35.526" level="INFO">Slept 5 seconds</msg>
<status status="PASS" starttime="20221121 16:22:30.525" endtime="20221121 16:22:35.526"/>
</kw>
<kw name="Page Should Contain" library="SeleniumLibrary">
<arg>Login</arg>
<doc>Verifies that current page contains ``text``.</doc>
<msg timestamp="20221121 16:22:35.560" level="INFO">Current page contains text 'Login'.</msg>
<status status="PASS" starttime="20221121 16:22:35.526" endtime="20221121 16:22:35.560"/>
</kw>
<kw name="Log To Console" library="BuiltIn">
<arg>text is found</arg>
<doc>Logs the given message to the console.</doc>
<status status="PASS" starttime="20221121 16:22:35.560" endtime="20221121 16:22:35.561"/>
</kw>
<status status="PASS" starttime="20221121 16:22:24.292" endtime="20221121 16:22:35.561"/>
</kw>
<status status="PASS" starttime="20221121 16:22:24.291" endtime="20221121 16:22:35.562"/>
</test>
<test id="s1-t2" name="login details" line="8">
<kw name="username entered" library="demo_1">
<kw name="Wait Until Page Contains Element" library="SeleniumLibrary">
<arg>${username}</arg>
<arg>5</arg>
<doc>Waits until the element ``locator`` appears on the current page.</doc>
<status status="PASS" starttime="20221121 16:22:35.566" endtime="20221121 16:22:35.613"/>
</kw>
<kw name="Click Element" library="SeleniumLibrary">
<arg>${username}</arg>
<doc>Click the element identified by ``locator``.</doc>
<msg timestamp="20221121 16:22:35.616" level="INFO">Clicking element 'xpath = //*[@name='username']'.</msg>
<status status="PASS" starttime="20221121 16:22:35.613" endtime="20221121 16:22:35.726"/>
</kw>
<kw name="Log To Console" library="BuiltIn">
<arg>username get clicked</arg>
<doc>Logs the given message to the console.</doc>
<status status="PASS" starttime="20221121 16:22:35.726" endtime="20221121 16:22:35.727"/>
</kw>
<kw name="Input Text" library="SeleniumLibrary">
<arg>${username}</arg>
<arg>${user_text}</arg>
<doc>Types the given ``text`` into the text field identified by ``locator``.</doc>
<msg timestamp="20221121 16:22:35.729" level="INFO">Typing text 'Admin' into text field 'xpath = //*[@name='username']'.</msg>
<status status="PASS" starttime="20221121 16:22:35.728" endtime="20221121 16:22:35.934"/>
</kw>
<status status="PASS" starttime="20221121 16:22:35.565" endtime="20221121 16:22:35.934"/>
</kw>
<kw name="password entered" library="demo_1">
<kw name="Wait Until Page Contains Element" library="SeleniumLibrary">
<arg>${password}</arg>
<arg>5</arg>
<doc>Waits until the element ``locator`` appears on the current page.</doc>
<status status="PASS" starttime="20221121 16:22:35.935" endtime="20221121 16:22:35.995"/>
</kw>
<kw name="Click Element" library="SeleniumLibrary">
<arg>${password}</arg>
<doc>Click the element identified by ``locator``.</doc>
<msg timestamp="20221121 16:22:35.997" level="INFO">Clicking element 'xpath = //*[@name='password']'.</msg>
<status status="PASS" starttime="20221121 16:22:35.996" endtime="20221121 16:22:36.094"/>
</kw>
<kw name="Log To Console" library="BuiltIn">
<arg>password get clicked</arg>
<doc>Logs the given message to the console.</doc>
<status status="PASS" starttime="20221121 16:22:36.094" endtime="20221121 16:22:36.099"/>
</kw>
<kw name="Input Password" library="SeleniumLibrary">
<arg>${password}</arg>
<arg>${pass_text}</arg>
<doc>Types the given password into the text field identified by ``locator``.</doc>
<msg timestamp="20221121 16:22:36.101" level="INFO">Typing password into text field 'xpath = //*[@name='password']'.</msg>
<msg timestamp="20221121 16:22:36.185" level="INFO">Temporally setting log level to: NONE</msg>
<msg timestamp="20221121 16:22:36.322" level="INFO">Log level changed from NONE to INFO.</msg>
<status status="PASS" starttime="20221121 16:22:36.100" endtime="20221121 16:22:36.324"/>
</kw>
<status status="PASS" starttime="20221121 16:22:35.934" endtime="20221121 16:22:36.324"/>
</kw>
<kw name="clicked on login" library="demo_1">
<kw name="Wait Until Page Contains Element" library="SeleniumLibrary">
<arg>${login}</arg>
<arg>5</arg>
<doc>Waits until the element ``locator`` appears on the current page.</doc>
<status status="PASS" starttime="20221121 16:22:36.325" endtime="20221121 16:22:36.371"/>
</kw>
<kw name="Click Element" library="SeleniumLibrary">
<arg>${login}</arg>
<doc>Click the element identified by ``locator``.</doc>
<msg timestamp="20221121 16:22:36.372" level="INFO">Clicking element 'xpath = //*[@class='oxd-button oxd-button--medium oxd-button--main orangehrm-login-button']'.</msg>
<status status="PASS" starttime="20221121 16:22:36.371" endtime="20221121 16:22:36.507"/>
</kw>
<kw name="Log To Console" library="BuiltIn">
<arg>login get clicked</arg>
<doc>Logs the given message to the console.</doc>
<status status="PASS" starttime="20221121 16:22:36.507" endtime="20221121 16:22:36.528"/>
</kw>
<status status="PASS" starttime="20221121 16:22:36.324" endtime="20221121 16:22:36.529"/>
</kw>
<status status="PASS" starttime="20221121 16:22:35.564" endtime="20221121 16:22:36.635"/>
</test>
<test id="s1-t3" name="click on some menu" line="12">
<kw name="rec method" library="demo_1">
<kw name="clicking on side menu" library="demo_1">
<arg>${rec_link}</arg>
<kw name="Wait Until Page Contains Element" library="SeleniumLibrary">
<arg>${element}</arg>
<doc>Waits until the element ``locator`` appears on the current page.</doc>
<status status="PASS" starttime="20221121 16:22:36.672" endtime="20221121 16:22:38.752"/>
</kw>
<kw name="Click Element" library="SeleniumLibrary">
<arg>${element}</arg>
<doc>Click the element identified by ``locator``.</doc>
<msg timestamp="20221121 16:22:38.754" level="INFO">Clicking element 'xpath = //*[@href='/web/index.php/recruitment/viewRecruitmentModule']'.</msg>
<status status="PASS" starttime="20221121 16:22:38.753" endtime="20221121 16:22:40.766"/>
</kw>
<status status="PASS" starttime="20221121 16:22:36.671" endtime="20221121 16:22:40.766"/>
</kw>
<kw name="Sleep" library="BuiltIn">
<arg>3</arg>
<doc>Pauses the test executed for the given time.</doc>
<msg timestamp="20221121 16:22:43.768" level="INFO">Slept 3 seconds</msg>
<status status="PASS" starttime="20221121 16:22:40.767" endtime="20221121 16:22:43.768"/>
</kw>
<kw name="Click Element" library="SeleniumLibrary">
<arg>${job_dropdown}</arg>
<doc>Click the element identified by ``locator``.</doc>
<msg timestamp="20221121 16:22:43.769" level="INFO">Clicking element 'xpath = //*[@class='oxd-form-row']//div/div[2]//div[2]/i'.</msg>
<status status="PASS" starttime="20221121 16:22:43.768" endtime="20221121 16:22:43.909"/>
</kw>
<kw name="job title drop down" library="demo_1">
<for flavor="IN RANGE">
<var>${i}</var>
<value>1</value>
<value>25</value>
<iter>
<var name="${i}">1</var>
<kw name="Press Keys" library="SeleniumLibrary">
<arg>none</arg>
<arg>ARROW_DOWN</arg>
<doc>Simulates the user pressing key(s) to an element or on the active browser.</doc>
<msg timestamp="20221121 16:22:43.913" level="INFO">Sending key(s) ('ARROW_DOWN',) to page.</msg>
<msg timestamp="20221121 16:22:43.915" level="INFO">Pressing special key ARROW_DOWN to browser.</msg>
<msg timestamp="20221121 16:22:43.915" level="INFO">Releasing special key ARROW_DOWN.</msg>
<status status="PASS" starttime="20221121 16:22:43.911" endtime="20221121 16:22:44.132"/>
</kw>
<kw name="Run Keyword And Return Status" library="BuiltIn">
<var>${element_2}</var>
<arg>Element Should Be Visible</arg>
<arg>${test}</arg>
<doc>Runs the given keyword with given arguments and returns the status as a Boolean value.</doc>
<kw name="Element Should Be Visible" library="SeleniumLibrary">
<arg>${test}</arg>
<doc>Verifies that the element identified by ``locator`` is visible.</doc>
<msg timestamp="20221121 16:22:44.372" level="INFO" html="true">&lt;/td&gt;&lt;/tr&gt;&lt;tr&gt;&lt;td colspan="3"&gt;&lt;a href="selenium-screenshot-63.png"&gt;&lt;img src="selenium-screenshot-63.png" width="800px"&gt;&lt;/a&gt;</msg>
<msg timestamp="20221121 16:22:44.373" level="FAIL">Element with locator 'Network Administrator' not found.</msg>
<status status="FAIL" starttime="20221121 16:22:44.133" endtime="20221121 16:22:44.380"/>
</kw>
<msg timestamp="20221121 16:22:44.380" level="INFO">${element_2} = False</msg>
<status status="PASS" starttime="20221121 16:22:44.132" endtime="20221121 16:22:44.380"/>
</kw>
<if>
<branch type="IF" condition="${element_2}">
<kw name="Wait Until Element Is Visible" library="SeleniumLibrary">
<arg>${test}</arg>
<doc>Waits until the element ``locator`` is visible.</doc>
<status status="NOT RUN" starttime="20221121 16:22:44.381" endtime="20221121 16:22:44.381"/>
</kw>
<kw name="Press Keys" library="SeleniumLibrary">
<arg>${test}</arg>
<arg>ENTER</arg>
<doc>Simulates the user pressing key(s) to an element or on the active browser.</doc>
<status status="NOT RUN" starttime="20221121 16:22:44.381" endtime="20221121 16:22:44.381"/>
</kw>
<kw name="Exit For Loop" library="BuiltIn">
<doc>Stops executing the enclosing FOR loop.</doc>
<status status="NOT RUN" starttime="20221121 16:22:44.381" endtime="20221121 16:22:44.381"/>
</kw>
<status status="NOT RUN" starttime="20221121 16:22:44.380" endtime="20221121 16:22:44.381"/>
</branch>
<branch type="ELSE">
<kw name="Log" library="BuiltIn">
<arg>continue</arg>
<doc>Logs the given message with the given level.</doc>
<msg timestamp="20221121 16:22:44.382" level="INFO">continue</msg>
<status status="PASS" starttime="20221121 16:22:44.382" endtime="20221121 16:22:44.382"/>
</kw>
<status status="PASS" starttime="20221121 16:22:44.381" endtime="20221121 16:22:44.383"/>
</branch>
<status status="PASS" starttime="20221121 16:22:44.380" endtime="20221121 16:22:44.383"/>
</if>
<status status="PASS" starttime="20221121 16:22:43.911" endtime="20221121 16:22:44.383"/>
</iter>
<iter>
<var name="${i}">2</var>
<kw name="Press Keys" library="SeleniumLibrary">
<arg>none</arg>
<arg>ARROW_DOWN</arg>
<doc>Simulates the user pressing key(s) to an element or on the active browser.</doc>
<msg timestamp="20221121 16:22:44.388" level="INFO">Sending key(s) ('ARROW_DOWN',) to page.</msg>
<msg timestamp="20221121 16:22:44.388" level="INFO">Pressing special key ARROW_DOWN to browser.</msg>
<msg timestamp="20221121 16:22:44.389" level="INFO">Releasing special key ARROW_DOWN.</msg>
<status status="PASS" starttime="20221121 16:22:44.383" endtime="20221121 16:22:44.407"/>
</kw>
<kw name="Run Keyword And Return Status" library="BuiltIn">
<var>${element_2}</var>
<arg>Element Should Be Visible</arg>
<arg>${test}</arg>
<doc>Runs the given keyword with given arguments and returns the status as a Boolean value.</doc>
<kw name="Element Should Be Visible" library="SeleniumLibrary">
<arg>${test}</arg>
<doc>Verifies that the element identified by ``locator`` is visible.</doc>
<msg timestamp="20221121 16:22:44.652" level="INFO" html="true">&lt;/td&gt;&lt;/tr&gt;&lt;tr&gt;&lt;td colspan="3"&gt;&lt;a href="selenium-screenshot-64.png"&gt;&lt;img src="selenium-screenshot-64.png" width="800px"&gt;&lt;/a&gt;</msg>
<msg timestamp="20221121 16:22:44.652" level="FAIL">Element with locator 'Network Administrator' not found.</msg>
<status status="FAIL" starttime="20221121 16:22:44.408" endtime="20221121 16:22:44.654"/>
</kw>
<msg timestamp="20221121 16:22:44.654" level="INFO">${element_2} = False</msg>
<status status="PASS" starttime="20221121 16:22:44.407" endtime="20221121 16:22:44.655"/>
</kw>
<if>
<branch type="IF" condition="${element_2}">
<kw name="Wait Until Element Is Visible" library="SeleniumLibrary">
<arg>${test}</arg>
<doc>Waits until the element ``locator`` is visible.</doc>
<status status="NOT RUN" starttime="20221121 16:22:44.655" endtime="20221121 16:22:44.655"/>
</kw>
<kw name="Press Keys" library="SeleniumLibrary">
<arg>${test}</arg>
<arg>ENTER</arg>
<doc>Simulates the user pressing key(s) to an element or on the active browser.</doc>
<status status="NOT RUN" starttime="20221121 16:22:44.655" endtime="20221121 16:22:44.655"/>
</kw>
<kw name="Exit For Loop" library="BuiltIn">
<doc>Stops executing the enclosing FOR loop.</doc>
<status status="NOT RUN" starttime="20221121 16:22:44.656" endtime="20221121 16:22:44.656"/>
</kw>
<status status="NOT RUN" starttime="20221121 16:22:44.655" endtime="20221121 16:22:44.656"/>
</branch>
<branch type="ELSE">
<kw name="Log" library="BuiltIn">
<arg>continue</arg>
<doc>Logs the given message with the given level.</doc>
<msg timestamp="20221121 16:22:44.656" level="INFO">continue</msg>
<status status="PASS" starttime="20221121 16:22:44.656" endtime="20221121 16:22:44.656"/>
</kw>
<status status="PASS" starttime="20221121 16:22:44.656" endtime="20221121 16:22:44.656"/>
</branch>
<status status="PASS" starttime="20221121 16:22:44.655" endtime="20221121 16:22:44.657"/>
</if>
<status status="PASS" starttime="20221121 16:22:44.383" endtime="20221121 16:22:44.657"/>
</iter>
<iter>
<var name="${i}">3</var>
<kw name="Press Keys" library="SeleniumLibrary">
<arg>none</arg>
<arg>ARROW_DOWN</arg>
<doc>Simulates the user pressing key(s) to an element or on the active browser.</doc>
<msg timestamp="20221121 16:22:44.658" level="INFO">Sending key(s) ('ARROW_DOWN',) to page.</msg>
<msg timestamp="20221121 16:22:44.659" level="INFO">Pressing special key ARROW_DOWN to browser.</msg>
<msg timestamp="20221121 16:22:44.659" level="INFO">Releasing special key ARROW_DOWN.</msg>
<status status="PASS" starttime="20221121 16:22:44.657" endtime="20221121 16:22:44.688"/>
</kw>
<kw name="Run Keyword And Return Status" library="BuiltIn">
<var>${element_2}</var>
<arg>Element Should Be Visible</arg>
<arg>${test}</arg>
<doc>Runs the given keyword with given arguments and returns the status as a Boolean value.</doc>
<kw name="Element Should Be Visible" library="SeleniumLibrary">
<arg>${test}</arg>
<doc>Verifies that the element identified by ``locator`` is visible.</doc>
<msg timestamp="20221121 16:22:44.946" level="INFO" html="true">&lt;/td&gt;&lt;/tr&gt;&lt;tr&gt;&lt;td colspan="3"&gt;&lt;a href="selenium-screenshot-65.png"&gt;&lt;img src="selenium-screenshot-65.png" width="800px"&gt;&lt;/a&gt;</msg>
<msg timestamp="20221121 16:22:44.946" level="FAIL">Element with locator 'Network Administrator' not found.</msg>
<status status="FAIL" starttime="20221121 16:22:44.689" endtime="20221121 16:22:44.948"/>
</kw>
<msg timestamp="20221121 16:22:44.948" level="INFO">${element_2} = False</msg>
<status status="PASS" starttime="20221121 16:22:44.688" endtime="20221121 16:22:44.948"/>
</kw>
<if>
<branch type="IF" condition="${element_2}">
<kw name="Wait Until Element Is Visible" library="SeleniumLibrary">
<arg>${test}</arg>
<doc>Waits until the element ``locator`` is visible.</doc>
<status status="NOT RUN" starttime="20221121 16:22:44.949" endtime="20221121 16:22:44.949"/>
</kw>
<kw name="Press Keys" library="SeleniumLibrary">
<arg>${test}</arg>
<arg>ENTER</arg>
<doc>Simulates the user pressing key(s) to an element or on the active browser.</doc>
<status status="NOT RUN" starttime="20221121 16:22:44.949" endtime="20221121 16:22:44.949"/>
</kw>
<kw name="Exit For Loop" library="BuiltIn">
<doc>Stops executing the enclosing FOR loop.</doc>
<status status="NOT RUN" starttime="20221121 16:22:44.949" endtime="20221121 16:22:44.950"/>
</kw>
<status status="NOT RUN" starttime="20221121 16:22:44.949" endtime="20221121 16:22:44.950"/>
</branch>
<branch type="ELSE">
<kw name="Log" library="BuiltIn">
<arg>continue</arg>
<doc>Logs the given message with the given level.</doc>
<msg timestamp="20221121 16:22:44.950" level="INFO">continue</msg>
<status status="PASS" starttime="20221121 16:22:44.950" endtime="20221121 16:22:44.951"/>
</kw>
<status status="PASS" starttime="20221121 16:22:44.950" endtime="20221121 16:22:44.951"/>
</branch>
<status status="PASS" starttime="20221121 16:22:44.948" endtime="20221121 16:22:44.951"/>
</if>
<status status="PASS" starttime="20221121 16:22:44.657" endtime="20221121 16:22:44.951"/>
</iter>
<iter>
<var name="${i}">4</var>
<kw name="Press Keys" library="SeleniumLibrary">
<arg>none</arg>
<arg>ARROW_DOWN</arg>
<doc>Simulates the user pressing key(s) to an element or on the active browser.</doc>
<msg timestamp="20221121 16:22:44.952" level="INFO">Sending key(s) ('ARROW_DOWN',) to page.</msg>
<msg timestamp="20221121 16:22:44.952" level="INFO">Pressing special key ARROW_DOWN to browser.</msg>
<msg timestamp="20221121 16:22:44.953" level="INFO">Releasing special key ARROW_DOWN.</msg>
<status status="PASS" starttime="20221121 16:22:44.951" endtime="20221121 16:22:44.979"/>
</kw>
<kw name="Run Keyword And Return Status" library="BuiltIn">
<var>${element_2}</var>
<arg>Element Should Be Visible</arg>
<arg>${test}</arg>
<doc>Runs the given keyword with given arguments and returns the status as a Boolean value.</doc>
<kw name="Element Should Be Visible" library="SeleniumLibrary">
<arg>${test}</arg>
<doc>Verifies that the element identified by ``locator`` is visible.</doc>
<msg timestamp="20221121 16:22:45.256" level="INFO" html="true">&lt;/td&gt;&lt;/tr&gt;&lt;tr&gt;&lt;td colspan="3"&gt;&lt;a href="selenium-screenshot-66.png"&gt;&lt;img src="selenium-screenshot-66.png" width="800px"&gt;&lt;/a&gt;</msg>
<msg timestamp="20221121 16:22:45.256" level="FAIL">Element with locator 'Network Administrator' not found.</msg>
<status status="FAIL" starttime="20221121 16:22:44.980" endtime="20221121 16:22:45.258"/>
</kw>
<msg timestamp="20221121 16:22:45.258" level="INFO">${element_2} = False</msg>
<status status="PASS" starttime="20221121 16:22:44.980" endtime="20221121 16:22:45.259"/>
</kw>
<if>
<branch type="IF" condition="${element_2}">
<kw name="Wait Until Element Is Visible" library="SeleniumLibrary">
<arg>${test}</arg>
<doc>Waits until the element ``locator`` is visible.</doc>
<status status="NOT RUN" starttime="20221121 16:22:45.259" endtime="20221121 16:22:45.260"/>
</kw>
<kw name="Press Keys" library="SeleniumLibrary">
<arg>${test}</arg>
<arg>ENTER</arg>
<doc>Simulates the user pressing key(s) to an element or on the active browser.</doc>
<status status="NOT RUN" starttime="20221121 16:22:45.260" endtime="20221121 16:22:45.260"/>
</kw>
<kw name="Exit For Loop" library="BuiltIn">
<doc>Stops executing the enclosing FOR loop.</doc>
<status status="NOT RUN" starttime="20221121 16:22:45.260" endtime="20221121 16:22:45.260"/>
</kw>
<status status="NOT RUN" starttime="20221121 16:22:45.259" endtime="20221121 16:22:45.260"/>
</branch>
<branch type="ELSE">
<kw name="Log" library="BuiltIn">
<arg>continue</arg>
<doc>Logs the given message with the given level.</doc>
<msg timestamp="20221121 16:22:45.261" level="INFO">continue</msg>
<status status="PASS" starttime="20221121 16:22:45.261" endtime="20221121 16:22:45.261"/>
</kw>
<status status="PASS" starttime="20221121 16:22:45.261" endtime="20221121 16:22:45.261"/>
</branch>
<status status="PASS" starttime="20221121 16:22:45.259" endtime="20221121 16:22:45.261"/>
</if>
<status status="PASS" starttime="20221121 16:22:44.951" endtime="20221121 16:22:45.262"/>
</iter>
<iter>
<var name="${i}">5</var>
<kw name="Press Keys" library="SeleniumLibrary">
<arg>none</arg>
<arg>ARROW_DOWN</arg>
<doc>Simulates the user pressing key(s) to an element or on the active browser.</doc>
<msg timestamp="20221121 16:22:45.263" level="INFO">Sending key(s) ('ARROW_DOWN',) to page.</msg>
<msg timestamp="20221121 16:22:45.264" level="INFO">Pressing special key ARROW_DOWN to browser.</msg>
<msg timestamp="20221121 16:22:45.264" level="INFO">Releasing special key ARROW_DOWN.</msg>
<status status="PASS" starttime="20221121 16:22:45.262" endtime="20221121 16:22:45.287"/>
</kw>
<kw name="Run Keyword And Return Status" library="BuiltIn">
<var>${element_2}</var>
<arg>Element Should Be Visible</arg>
<arg>${test}</arg>
<doc>Runs the given keyword with given arguments and returns the status as a Boolean value.</doc>
<kw name="Element Should Be Visible" library="SeleniumLibrary">
<arg>${test}</arg>
<doc>Verifies that the element identified by ``locator`` is visible.</doc>
<msg timestamp="20221121 16:22:45.544" level="INFO" html="true">&lt;/td&gt;&lt;/tr&gt;&lt;tr&gt;&lt;td colspan="3"&gt;&lt;a href="selenium-screenshot-67.png"&gt;&lt;img src="selenium-screenshot-67.png" width="800px"&gt;&lt;/a&gt;</msg>
<msg timestamp="20221121 16:22:45.544" level="FAIL">Element with locator 'Network Administrator' not found.</msg>
<status status="FAIL" starttime="20221121 16:22:45.288" endtime="20221121 16:22:45.546"/>
</kw>
<msg timestamp="20221121 16:22:45.547" level="INFO">${element_2} = False</msg>
<status status="PASS" starttime="20221121 16:22:45.287" endtime="20221121 16:22:45.547"/>
</kw>
<if>
<branch type="IF" condition="${element_2}">
<kw name="Wait Until Element Is Visible" library="SeleniumLibrary">
<arg>${test}</arg>
<doc>Waits until the element ``locator`` is visible.</doc>
<status status="NOT RUN" starttime="20221121 16:22:45.547" endtime="20221121 16:22:45.547"/>
</kw>
<kw name="Press Keys" library="SeleniumLibrary">
<arg>${test}</arg>
<arg>ENTER</arg>
<doc>Simulates the user pressing key(s) to an element or on the active browser.</doc>
<status status="NOT RUN" starttime="20221121 16:22:45.547" endtime="20221121 16:22:45.547"/>
</kw>
<kw name="Exit For Loop" library="BuiltIn">
<doc>Stops executing the enclosing FOR loop.</doc>
<status status="NOT RUN" starttime="20221121 16:22:45.548" endtime="20221121 16:22:45.548"/>
</kw>
<status status="NOT RUN" starttime="20221121 16:22:45.547" endtime="20221121 16:22:45.548"/>
</branch>
<branch type="ELSE">
<kw name="Log" library="BuiltIn">
<arg>continue</arg>
<doc>Logs the given message with the given level.</doc>
<msg timestamp="20221121 16:22:45.548" level="INFO">continue</msg>
<status status="PASS" starttime="20221121 16:22:45.548" endtime="20221121 16:22:45.549"/>
</kw>
<status status="PASS" starttime="20221121 16:22:45.548" endtime="20221121 16:22:45.549"/>
</branch>
<status status="PASS" starttime="20221121 16:22:45.547" endtime="20221121 16:22:45.549"/>
</if>
<status status="PASS" starttime="20221121 16:22:45.262" endtime="20221121 16:22:45.549"/>
</iter>
<iter>
<var name="${i}">6</var>
<kw name="Press Keys" library="SeleniumLibrary">
<arg>none</arg>
<arg>ARROW_DOWN</arg>
<doc>Simulates the user pressing key(s) to an element or on the active browser.</doc>
<msg timestamp="20221121 16:22:45.550" level="INFO">Sending key(s) ('ARROW_DOWN',) to page.</msg>
<msg timestamp="20221121 16:22:45.551" level="INFO">Pressing special key ARROW_DOWN to browser.</msg>
<msg timestamp="20221121 16:22:45.551" level="INFO">Releasing special key ARROW_DOWN.</msg>
<status status="PASS" starttime="20221121 16:22:45.549" endtime="20221121 16:22:45.657"/>
</kw>
<kw name="Run Keyword And Return Status" library="BuiltIn">
<var>${element_2}</var>
<arg>Element Should Be Visible</arg>
<arg>${test}</arg>
<doc>Runs the given keyword with given arguments and returns the status as a Boolean value.</doc>
<kw name="Element Should Be Visible" library="SeleniumLibrary">
<arg>${test}</arg>
<doc>Verifies that the element identified by ``locator`` is visible.</doc>
<msg timestamp="20221121 16:22:45.979" level="INFO" html="true">&lt;/td&gt;&lt;/tr&gt;&lt;tr&gt;&lt;td colspan="3"&gt;&lt;a href="selenium-screenshot-68.png"&gt;&lt;img src="selenium-screenshot-68.png" width="800px"&gt;&lt;/a&gt;</msg>
<msg timestamp="20221121 16:22:45.980" level="FAIL">Element with locator 'Network Administrator' not found.</msg>
<status status="FAIL" starttime="20221121 16:22:45.658" endtime="20221121 16:22:45.982"/>
</kw>
<msg timestamp="20221121 16:22:45.982" level="INFO">${element_2} = False</msg>
<status status="PASS" starttime="20221121 16:22:45.657" endtime="20221121 16:22:45.982"/>
</kw>
<if>
<branch type="IF" condition="${element_2}">
<kw name="Wait Until Element Is Visible" library="SeleniumLibrary">
<arg>${test}</arg>
<doc>Waits until the element ``locator`` is visible.</doc>
<status status="NOT RUN" starttime="20221121 16:22:45.983" endtime="20221121 16:22:45.983"/>
</kw>
<kw name="Press Keys" library="SeleniumLibrary">
<arg>${test}</arg>
<arg>ENTER</arg>
<doc>Simulates the user pressing key(s) to an element or on the active browser.</doc>
<status status="NOT RUN" starttime="20221121 16:22:45.983" endtime="20221121 16:22:45.983"/>
</kw>
<kw name="Exit For Loop" library="BuiltIn">
<doc>Stops executing the enclosing FOR loop.</doc>
<status status="NOT RUN" starttime="20221121 16:22:45.984" endtime="20221121 16:22:45.984"/>
</kw>
<status status="NOT RUN" starttime="20221121 16:22:45.983" endtime="20221121 16:22:45.984"/>
</branch>
<branch type="ELSE">
<kw name="Log" library="BuiltIn">
<arg>continue</arg>
<doc>Logs the given message with the given level.</doc>
<msg timestamp="20221121 16:22:45.984" level="INFO">continue</msg>
<status status="PASS" starttime="20221121 16:22:45.984" endtime="20221121 16:22:45.985"/>
</kw>
<status status="PASS" starttime="20221121 16:22:45.984" endtime="20221121 16:22:45.985"/>
</branch>
<status status="PASS" starttime="20221121 16:22:45.982" endtime="20221121 16:22:45.985"/>
</if>
<status status="PASS" starttime="20221121 16:22:45.549" endtime="20221121 16:22:45.985"/>
</iter>
<iter>
<var name="${i}">7</var>
<kw name="Press Keys" library="SeleniumLibrary">
<arg>none</arg>
<arg>ARROW_DOWN</arg>
<doc>Simulates the user pressing key(s) to an element or on the active browser.</doc>
<msg timestamp="20221121 16:22:45.987" level="INFO">Sending key(s) ('ARROW_DOWN',) to page.</msg>
<msg timestamp="20221121 16:22:45.987" level="INFO">Pressing special key ARROW_DOWN to browser.</msg>
<msg timestamp="20221121 16:22:45.987" level="INFO">Releasing special key ARROW_DOWN.</msg>
<status status="PASS" starttime="20221121 16:22:45.985" endtime="20221121 16:22:46.023"/>
</kw>
<kw name="Run Keyword And Return Status" library="BuiltIn">
<var>${element_2}</var>
<arg>Element Should Be Visible</arg>
<arg>${test}</arg>
<doc>Runs the given keyword with given arguments and returns the status as a Boolean value.</doc>
<kw name="Element Should Be Visible" library="SeleniumLibrary">
<arg>${test}</arg>
<doc>Verifies that the element identified by ``locator`` is visible.</doc>
<msg timestamp="20221121 16:22:46.305" level="INFO" html="true">&lt;/td&gt;&lt;/tr&gt;&lt;tr&gt;&lt;td colspan="3"&gt;&lt;a href="selenium-screenshot-69.png"&gt;&lt;img src="selenium-screenshot-69.png" width="800px"&gt;&lt;/a&gt;</msg>
<msg timestamp="20221121 16:22:46.305" level="FAIL">Element with locator 'Network Administrator' not found.</msg>
<status status="FAIL" starttime="20221121 16:22:46.023" endtime="20221121 16:22:46.308"/>
</kw>
<msg timestamp="20221121 16:22:46.308" level="INFO">${element_2} = False</msg>
<status status="PASS" starttime="20221121 16:22:46.023" endtime="20221121 16:22:46.308"/>
</kw>
<if>
<branch type="IF" condition="${element_2}">
<kw name="Wait Until Element Is Visible" library="SeleniumLibrary">
<arg>${test}</arg>
<doc>Waits until the element ``locator`` is visible.</doc>
<status status="NOT RUN" starttime="20221121 16:22:46.309" endtime="20221121 16:22:46.309"/>
</kw>
<kw name="Press Keys" library="SeleniumLibrary">
<arg>${test}</arg>
<arg>ENTER</arg>
<doc>Simulates the user pressing key(s) to an element or on the active browser.</doc>
<status status="NOT RUN" starttime="20221121 16:22:46.309" endtime="20221121 16:22:46.309"/>
</kw>
<kw name="Exit For Loop" library="BuiltIn">
<doc>Stops executing the enclosing FOR loop.</doc>
<status status="NOT RUN" starttime="20221121 16:22:46.309" endtime="20221121 16:22:46.310"/>
</kw>
<status status="NOT RUN" starttime="20221121 16:22:46.309" endtime="20221121 16:22:46.310"/>
</branch>
<branch type="ELSE">
<kw name="Log" library="BuiltIn">
<arg>continue</arg>
<doc>Logs the given message with the given level.</doc>
<msg timestamp="20221121 16:22:46.310" level="INFO">continue</msg>
<status status="PASS" starttime="20221121 16:22:46.310" endtime="20221121 16:22:46.311"/>
</kw>
<status status="PASS" starttime="20221121 16:22:46.310" endtime="20221121 16:22:46.311"/>
</branch>
<status status="PASS" starttime="20221121 16:22:46.308" endtime="20221121 16:22:46.311"/>
</if>
<status status="PASS" starttime="20221121 16:22:45.985" endtime="20221121 16:22:46.311"/>
</iter>
<iter>
<var name="${i}">8</var>
<kw name="Press Keys" library="SeleniumLibrary">
<arg>none</arg>
<arg>ARROW_DOWN</arg>
<doc>Simulates the user pressing key(s) to an element or on the active browser.</doc>
<msg timestamp="20221121 16:22:46.313" level="INFO">Sending key(s) ('ARROW_DOWN',) to page.</msg>
<msg timestamp="20221121 16:22:46.314" level="INFO">Pressing special key ARROW_DOWN to browser.</msg>
<msg timestamp="20221121 16:22:46.314" level="INFO">Releasing special key ARROW_DOWN.</msg>
<status status="PASS" starttime="20221121 16:22:46.312" endtime="20221121 16:22:46.362"/>
</kw>
<kw name="Run Keyword And Return Status" library="BuiltIn">
<var>${element_2}</var>
<arg>Element Should Be Visible</arg>
<arg>${test}</arg>
<doc>Runs the given keyword with given arguments and returns the status as a Boolean value.</doc>
<kw name="Element Should Be Visible" library="SeleniumLibrary">
<arg>${test}</arg>
<doc>Verifies that the element identified by ``locator`` is visible.</doc>
<msg timestamp="20221121 16:22:46.673" level="INFO" html="true">&lt;/td&gt;&lt;/tr&gt;&lt;tr&gt;&lt;td colspan="3"&gt;&lt;a href="selenium-screenshot-70.png"&gt;&lt;img src="selenium-screenshot-70.png" width="800px"&gt;&lt;/a&gt;</msg>
<msg timestamp="20221121 16:22:46.673" level="FAIL">Element with locator 'Network Administrator' not found.</msg>
<status status="FAIL" starttime="20221121 16:22:46.363" endtime="20221121 16:22:46.675"/>
</kw>
<msg timestamp="20221121 16:22:46.675" level="INFO">${element_2} = False</msg>
<status status="PASS" starttime="20221121 16:22:46.362" endtime="20221121 16:22:46.675"/>
</kw>
<if>
<branch type="IF" condition="${element_2}">
<kw name="Wait Until Element Is Visible" library="SeleniumLibrary">
<arg>${test}</arg>
<doc>Waits until the element ``locator`` is visible.</doc>
<status status="NOT RUN" starttime="20221121 16:22:46.676" endtime="20221121 16:22:46.676"/>
</kw>
<kw name="Press Keys" library="SeleniumLibrary">
<arg>${test}</arg>
<arg>ENTER</arg>
<doc>Simulates the user pressing key(s) to an element or on the active browser.</doc>
<status status="NOT RUN" starttime="20221121 16:22:46.676" endtime="20221121 16:22:46.676"/>
</kw>
<kw name="Exit For Loop" library="BuiltIn">
<doc>Stops executing the enclosing FOR loop.</doc>
<status status="NOT RUN" starttime="20221121 16:22:46.677" endtime="20221121 16:22:46.677"/>
</kw>
<status status="NOT RUN" starttime="20221121 16:22:46.675" endtime="20221121 16:22:46.677"/>
</branch>
<branch type="ELSE">
<kw name="Log" library="BuiltIn">
<arg>continue</arg>
<doc>Logs the given message with the given level.</doc>
<msg timestamp="20221121 16:22:46.677" level="INFO">continue</msg>
<status status="PASS" starttime="20221121 16:22:46.677" endtime="20221121 16:22:46.677"/>
</kw>
<status status="PASS" starttime="20221121 16:22:46.677" endtime="20221121 16:22:46.677"/>
</branch>
<status status="PASS" starttime="20221121 16:22:46.675" endtime="20221121 16:22:46.678"/>
</if>
<status status="PASS" starttime="20221121 16:22:46.311" endtime="20221121 16:22:46.678"/>
</iter>
<iter>
<var name="${i}">9</var>
<kw name="Press Keys" library="SeleniumLibrary">
<arg>none</arg>
<arg>ARROW_DOWN</arg>
<doc>Simulates the user pressing key(s) to an element or on the active browser.</doc>
<msg timestamp="20221121 16:22:46.680" level="INFO">Sending key(s) ('ARROW_DOWN',) to page.</msg>
<msg timestamp="20221121 16:22:46.681" level="INFO">Pressing special key ARROW_DOWN to browser.</msg>
<msg timestamp="20221121 16:22:46.681" level="INFO">Releasing special key ARROW_DOWN.</msg>
<status status="PASS" starttime="20221121 16:22:46.679" endtime="20221121 16:22:46.710"/>
</kw>
<kw name="Run Keyword And Return Status" library="BuiltIn">
<var>${element_2}</var>
<arg>Element Should Be Visible</arg>
<arg>${test}</arg>
<doc>Runs the given keyword with given arguments and returns the status as a Boolean value.</doc>
<kw name="Element Should Be Visible" library="SeleniumLibrary">
<arg>${test}</arg>
<doc>Verifies that the element identified by ``locator`` is visible.</doc>
<msg timestamp="20221121 16:22:47.065" level="INFO" html="true">&lt;/td&gt;&lt;/tr&gt;&lt;tr&gt;&lt;td colspan="3"&gt;&lt;a href="selenium-screenshot-71.png"&gt;&lt;img src="selenium-screenshot-71.png" width="800px"&gt;&lt;/a&gt;</msg>
<msg timestamp="20221121 16:22:47.066" level="FAIL">Element with locator 'Network Administrator' not found.</msg>
<status status="FAIL" starttime="20221121 16:22:46.711" endtime="20221121 16:22:47.068"/>
</kw>
<msg timestamp="20221121 16:22:47.069" level="INFO">${element_2} = False</msg>
<status status="PASS" starttime="20221121 16:22:46.710" endtime="20221121 16:22:47.069"/>
</kw>
<if>
<branch type="IF" condition="${element_2}">
<kw name="Wait Until Element Is Visible" library="SeleniumLibrary">
<arg>${test}</arg>
<doc>Waits until the element ``locator`` is visible.</doc>
<status status="NOT RUN" starttime="20221121 16:22:47.069" endtime="20221121 16:22:47.069"/>
</kw>
<kw name="Press Keys" library="SeleniumLibrary">
<arg>${test}</arg>
<arg>ENTER</arg>
<doc>Simulates the user pressing key(s) to an element or on the active browser.</doc>
<status status="NOT RUN" starttime="20221121 16:22:47.070" endtime="20221121 16:22:47.070"/>
</kw>
<kw name="Exit For Loop" library="BuiltIn">
<doc>Stops executing the enclosing FOR loop.</doc>
<status status="NOT RUN" starttime="20221121 16:22:47.070" endtime="20221121 16:22:47.070"/>
</kw>
<status status="NOT RUN" starttime="20221121 16:22:47.069" endtime="20221121 16:22:47.070"/>
</branch>
<branch type="ELSE">
<kw name="Log" library="BuiltIn">
<arg>continue</arg>
<doc>Logs the given message with the given level.</doc>
<msg timestamp="20221121 16:22:47.071" level="INFO">continue</msg>
<status status="PASS" starttime="20221121 16:22:47.070" endtime="20221121 16:22:47.071"/>
</kw>
<status status="PASS" starttime="20221121 16:22:47.070" endtime="20221121 16:22:47.071"/>
</branch>
<status status="PASS" starttime="20221121 16:22:47.069" endtime="20221121 16:22:47.071"/>
</if>
<status status="PASS" starttime="20221121 16:22:46.678" endtime="20221121 16:22:47.071"/>
</iter>
<iter>
<var name="${i}">10</var>
<kw name="Press Keys" library="SeleniumLibrary">
<arg>none</arg>
<arg>ARROW_DOWN</arg>
<doc>Simulates the user pressing key(s) to an element or on the active browser.</doc>
<msg timestamp="20221121 16:22:47.073" level="INFO">Sending key(s) ('ARROW_DOWN',) to page.</msg>
<msg timestamp="20221121 16:22:47.073" level="INFO">Pressing special key ARROW_DOWN to browser.</msg>
<msg timestamp="20221121 16:22:47.073" level="INFO">Releasing special key ARROW_DOWN.</msg>
<status status="PASS" starttime="20221121 16:22:47.071" endtime="20221121 16:22:47.132"/>
</kw>
<kw name="Run Keyword And Return Status" library="BuiltIn">
<var>${element_2}</var>
<arg>Element Should Be Visible</arg>
<arg>${test}</arg>
<doc>Runs the given keyword with given arguments and returns the status as a Boolean value.</doc>
<kw name="Element Should Be Visible" library="SeleniumLibrary">
<arg>${test}</arg>
<doc>Verifies that the element identified by ``locator`` is visible.</doc>
<msg timestamp="20221121 16:22:47.477" level="INFO" html="true">&lt;/td&gt;&lt;/tr&gt;&lt;tr&gt;&lt;td colspan="3"&gt;&lt;a href="selenium-screenshot-72.png"&gt;&lt;img src="selenium-screenshot-72.png" width="800px"&gt;&lt;/a&gt;</msg>
<msg timestamp="20221121 16:22:47.478" level="FAIL">Element with locator 'Network Administrator' not found.</msg>
<status status="FAIL" starttime="20221121 16:22:47.133" endtime="20221121 16:22:47.480"/>
</kw>
<msg timestamp="20221121 16:22:47.481" level="INFO">${element_2} = False</msg>
<status status="PASS" starttime="20221121 16:22:47.133" endtime="20221121 16:22:47.481"/>
</kw>
<if>
<branch type="IF" condition="${element_2}">
<kw name="Wait Until Element Is Visible" library="SeleniumLibrary">
<arg>${test}</arg>
<doc>Waits until the element ``locator`` is visible.</doc>
<status status="NOT RUN" starttime="20221121 16:22:47.482" endtime="20221121 16:22:47.482"/>
</kw>
<kw name="Press Keys" library="SeleniumLibrary">
<arg>${test}</arg>
<arg>ENTER</arg>
<doc>Simulates the user pressing key(s) to an element or on the active browser.</doc>
<status status="NOT RUN" starttime="20221121 16:22:47.483" endtime="20221121 16:22:47.483"/>
</kw>
<kw name="Exit For Loop" library="BuiltIn">
<doc>Stops executing the enclosing FOR loop.</doc>
<status status="NOT RUN" starttime="20221121 16:22:47.483" endtime="20221121 16:22:47.483"/>
</kw>
<status status="NOT RUN" starttime="20221121 16:22:47.482" endtime="20221121 16:22:47.483"/>
</branch>
<branch type="ELSE">
<kw name="Log" library="BuiltIn">
<arg>continue</arg>
<doc>Logs the given message with the given level.</doc>
<msg timestamp="20221121 16:22:47.484" level="INFO">continue</msg>
<status status="PASS" starttime="20221121 16:22:47.483" endtime="20221121 16:22:47.484"/>
</kw>
<status status="PASS" starttime="20221121 16:22:47.483" endtime="20221121 16:22:47.484"/>
</branch>
<status status="PASS" starttime="20221121 16:22:47.481" endtime="20221121 16:22:47.484"/>
</if>
<status status="PASS" starttime="20221121 16:22:47.071" endtime="20221121 16:22:47.484"/>
</iter>
<iter>
<var name="${i}">11</var>
<kw name="Press Keys" library="SeleniumLibrary">
<arg>none</arg>
<arg>ARROW_DOWN</arg>
<doc>Simulates the user pressing key(s) to an element or on the active browser.</doc>
<msg timestamp="20221121 16:22:47.486" level="INFO">Sending key(s) ('ARROW_DOWN',) to page.</msg>
<msg timestamp="20221121 16:22:47.486" level="INFO">Pressing special key ARROW_DOWN to browser.</msg>
<msg timestamp="20221121 16:22:47.486" level="INFO">Releasing special key ARROW_DOWN.</msg>
<status status="PASS" starttime="20221121 16:22:47.484" endtime="20221121 16:22:47.512"/>
</kw>
<kw name="Run Keyword And Return Status" library="BuiltIn">
<var>${element_2}</var>
<arg>Element Should Be Visible</arg>
<arg>${test}</arg>
<doc>Runs the given keyword with given arguments and returns the status as a Boolean value.</doc>
<kw name="Element Should Be Visible" library="SeleniumLibrary">
<arg>${test}</arg>
<doc>Verifies that the element identified by ``locator`` is visible.</doc>
<msg timestamp="20221121 16:22:47.821" level="INFO" html="true">&lt;/td&gt;&lt;/tr&gt;&lt;tr&gt;&lt;td colspan="3"&gt;&lt;a href="selenium-screenshot-73.png"&gt;&lt;img src="selenium-screenshot-73.png" width="800px"&gt;&lt;/a&gt;</msg>
<msg timestamp="20221121 16:22:47.821" level="FAIL">Element with locator 'Network Administrator' not found.</msg>
<status status="FAIL" starttime="20221121 16:22:47.513" endtime="20221121 16:22:47.824"/>
</kw>
<msg timestamp="20221121 16:22:47.824" level="INFO">${element_2} = False</msg>
<status status="PASS" starttime="20221121 16:22:47.512" endtime="20221121 16:22:47.824"/>
</kw>
<if>
<branch type="IF" condition="${element_2}">
<kw name="Wait Until Element Is Visible" library="SeleniumLibrary">
<arg>${test}</arg>
<doc>Waits until the element ``locator`` is visible.</doc>
<status status="NOT RUN" starttime="20221121 16:22:47.825" endtime="20221121 16:22:47.825"/>
</kw>
<kw name="Press Keys" library="SeleniumLibrary">
<arg>${test}</arg>
<arg>ENTER</arg>
<doc>Simulates the user pressing key(s) to an element or on the active browser.</doc>
<status status="NOT RUN" starttime="20221121 16:22:47.826" endtime="20221121 16:22:47.826"/>
</kw>
<kw name="Exit For Loop" library="BuiltIn">
<doc>Stops executing the enclosing FOR loop.</doc>
<status status="NOT RUN" starttime="20221121 16:22:47.826" endtime="20221121 16:22:47.826"/>
</kw>
<status status="NOT RUN" starttime="20221121 16:22:47.825" endtime="20221121 16:22:47.826"/>
</branch>
<branch type="ELSE">
<kw name="Log" library="BuiltIn">
<arg>continue</arg>
<doc>Logs the given message with the given level.</doc>
<msg timestamp="20221121 16:22:47.827" level="INFO">continue</msg>
<status status="PASS" starttime="20221121 16:22:47.827" endtime="20221121 16:22:47.828"/>
</kw>
<status status="PASS" starttime="20221121 16:22:47.826" endtime="20221121 16:22:47.828"/>
</branch>
<status status="PASS" starttime="20221121 16:22:47.825" endtime="20221121 16:22:47.828"/>
</if>
<status status="PASS" starttime="20221121 16:22:47.484" endtime="20221121 16:22:47.828"/>
</iter>
<iter>
<var name="${i}">12</var>
<kw name="Press Keys" library="SeleniumLibrary">
<arg>none</arg>
<arg>ARROW_DOWN</arg>
<doc>Simulates the user pressing key(s) to an element or on the active browser.</doc>
<msg timestamp="20221121 16:22:47.831" level="INFO">Sending key(s) ('ARROW_DOWN',) to page.</msg>
<msg timestamp="20221121 16:22:47.831" level="INFO">Pressing special key ARROW_DOWN to browser.</msg>
<msg timestamp="20221121 16:22:47.832" level="INFO">Releasing special key ARROW_DOWN.</msg>
<status status="PASS" starttime="20221121 16:22:47.829" endtime="20221121 16:22:47.871"/>
</kw>
<kw name="Run Keyword And Return Status" library="BuiltIn">
<var>${element_2}</var>
<arg>Element Should Be Visible</arg>
<arg>${test}</arg>
<doc>Runs the given keyword with given arguments and returns the status as a Boolean value.</doc>
<kw name="Element Should Be Visible" library="SeleniumLibrary">
<arg>${test}</arg>
<doc>Verifies that the element identified by ``locator`` is visible.</doc>
<msg timestamp="20221121 16:22:48.191" level="INFO" html="true">&lt;/td&gt;&lt;/tr&gt;&lt;tr&gt;&lt;td colspan="3"&gt;&lt;a href="selenium-screenshot-74.png"&gt;&lt;img src="selenium-screenshot-74.png" width="800px"&gt;&lt;/a&gt;</msg>
<msg timestamp="20221121 16:22:48.191" level="FAIL">Element with locator 'Network Administrator' not found.</msg>
<status status="FAIL" starttime="20221121 16:22:47.872" endtime="20221121 16:22:48.193"/>
</kw>
<msg timestamp="20221121 16:22:48.194" level="INFO">${element_2} = False</msg>
<status status="PASS" starttime="20221121 16:22:47.871" endtime="20221121 16:22:48.194"/>
</kw>
<if>
<branch type="IF" condition="${element_2}">
<kw name="Wait Until Element Is Visible" library="SeleniumLibrary">
<arg>${test}</arg>
<doc>Waits until the element ``locator`` is visible.</doc>
<status status="NOT RUN" starttime="20221121 16:22:48.194" endtime="20221121 16:22:48.195"/>
</kw>
<kw name="Press Keys" library="SeleniumLibrary">
<arg>${test}</arg>
<arg>ENTER</arg>
<doc>Simulates the user pressing key(s) to an element or on the active browser.</doc>
<status status="NOT RUN" starttime="20221121 16:22:48.195" endtime="20221121 16:22:48.195"/>
</kw>
<kw name="Exit For Loop" library="BuiltIn">
<doc>Stops executing the enclosing FOR loop.</doc>
<status status="NOT RUN" starttime="20221121 16:22:48.195" endtime="20221121 16:22:48.195"/>
</kw>
<status status="NOT RUN" starttime="20221121 16:22:48.194" endtime="20221121 16:22:48.195"/>
</branch>
<branch type="ELSE">
<kw name="Log" library="BuiltIn">
<arg>continue</arg>
<doc>Logs the given message with the given level.</doc>
<msg timestamp="20221121 16:22:48.196" level="INFO">continue</msg>
<status status="PASS" starttime="20221121 16:22:48.196" endtime="20221121 16:22:48.196"/>
</kw>
<status status="PASS" starttime="20221121 16:22:48.195" endtime="20221121 16:22:48.196"/>
</branch>
<status status="PASS" starttime="20221121 16:22:48.194" endtime="20221121 16:22:48.196"/>
</if>
<status status="PASS" starttime="20221121 16:22:47.829" endtime="20221121 16:22:48.196"/>
</iter>
<iter>
<var name="${i}">13</var>
<kw name="Press Keys" library="SeleniumLibrary">
<arg>none</arg>
<arg>ARROW_DOWN</arg>
<doc>Simulates the user pressing key(s) to an element or on the active browser.</doc>
<msg timestamp="20221121 16:22:48.198" level="INFO">Sending key(s) ('ARROW_DOWN',) to page.</msg>
<msg timestamp="20221121 16:22:48.198" level="INFO">Pressing special key ARROW_DOWN to browser.</msg>
<msg timestamp="20221121 16:22:48.198" level="INFO">Releasing special key ARROW_DOWN.</msg>
<status status="PASS" starttime="20221121 16:22:48.197" endtime="20221121 16:22:48.255"/>
</kw>
<kw name="Run Keyword And Return Status" library="BuiltIn">
<var>${element_2}</var>
<arg>Element Should Be Visible</arg>
<arg>${test}</arg>
<doc>Runs the given keyword with given arguments and returns the status as a Boolean value.</doc>
<kw name="Element Should Be Visible" library="SeleniumLibrary">
<arg>${test}</arg>
<doc>Verifies that the element identified by ``locator`` is visible.</doc>
<msg timestamp="20221121 16:22:48.611" level="INFO" html="true">&lt;/td&gt;&lt;/tr&gt;&lt;tr&gt;&lt;td colspan="3"&gt;&lt;a href="selenium-screenshot-75.png"&gt;&lt;img src="selenium-screenshot-75.png" width="800px"&gt;&lt;/a&gt;</msg>
<msg timestamp="20221121 16:22:48.611" level="FAIL">Element with locator 'Network Administrator' not found.</msg>
<status status="FAIL" starttime="20221121 16:22:48.256" endtime="20221121 16:22:48.613"/>
</kw>
<msg timestamp="20221121 16:22:48.613" level="INFO">${element_2} = False</msg>
<status status="PASS" starttime="20221121 16:22:48.255" endtime="20221121 16:22:48.614"/>
</kw>
<if>
<branch type="IF" condition="${element_2}">
<kw name="Wait Until Element Is Visible" library="SeleniumLibrary">
<arg>${test}</arg>
<doc>Waits until the element ``locator`` is visible.</doc>
<status status="NOT RUN" starttime="20221121 16:22:48.615" endtime="20221121 16:22:48.615"/>
</kw>
<kw name="Press Keys" library="SeleniumLibrary">
<arg>${test}</arg>
<arg>ENTER</arg>
<doc>Simulates the user pressing key(s) to an element or on the active browser.</doc>
<status status="NOT RUN" starttime="20221121 16:22:48.615" endtime="20221121 16:22:48.615"/>
</kw>
<kw name="Exit For Loop" library="BuiltIn">
<doc>Stops executing the enclosing FOR loop.</doc>
<status status="NOT RUN" starttime="20221121 16:22:48.616" endtime="20221121 16:22:48.618"/>
</kw>
<status status="NOT RUN" starttime="20221121 16:22:48.614" endtime="20221121 16:22:48.618"/>
</branch>
<branch type="ELSE">
<kw name="Log" library="BuiltIn">
<arg>continue</arg>
<doc>Logs the given message with the given level.</doc>
<msg timestamp="20221121 16:22:48.619" level="INFO">continue</msg>
<status status="PASS" starttime="20221121 16:22:48.619" endtime="20221121 16:22:48.620"/>
</kw>
<status status="PASS" starttime="20221121 16:22:48.619" endtime="20221121 16:22:48.620"/>
</branch>
<status status="PASS" starttime="20221121 16:22:48.614" endtime="20221121 16:22:48.620"/>
</if>
<status status="PASS" starttime="20221121 16:22:48.196" endtime="20221121 16:22:48.620"/>
</iter>
<iter>
<var name="${i}">14</var>
<kw name="Press Keys" library="SeleniumLibrary">
<arg>none</arg>
<arg>ARROW_DOWN</arg>
<doc>Simulates the user pressing key(s) to an element or on the active browser.</doc>
<msg timestamp="20221121 16:22:48.623" level="INFO">Sending key(s) ('ARROW_DOWN',) to page.</msg>
<msg timestamp="20221121 16:22:48.623" level="INFO">Pressing special key ARROW_DOWN to browser.</msg>
<msg timestamp="20221121 16:22:48.623" level="INFO">Releasing special key ARROW_DOWN.</msg>
<status status="PASS" starttime="20221121 16:22:48.621" endtime="20221121 16:22:48.688"/>
</kw>
<kw name="Run Keyword And Return Status" library="BuiltIn">
<var>${element_2}</var>
<arg>Element Should Be Visible</arg>
<arg>${test}</arg>
<doc>Runs the given keyword with given arguments and returns the status as a Boolean value.</doc>
<kw name="Element Should Be Visible" library="SeleniumLibrary">
<arg>${test}</arg>
<doc>Verifies that the element identified by ``locator`` is visible.</doc>
<msg timestamp="20221121 16:22:49.012" level="INFO" html="true">&lt;/td&gt;&lt;/tr&gt;&lt;tr&gt;&lt;td colspan="3"&gt;&lt;a href="selenium-screenshot-76.png"&gt;&lt;img src="selenium-screenshot-76.png" width="800px"&gt;&lt;/a&gt;</msg>
<msg timestamp="20221121 16:22:49.013" level="FAIL">Element with locator 'Network Administrator' not found.</msg>
<status status="FAIL" starttime="20221121 16:22:48.689" endtime="20221121 16:22:49.016"/>
</kw>
<msg timestamp="20221121 16:22:49.017" level="INFO">${element_2} = False</msg>
<status status="PASS" starttime="20221121 16:22:48.688" endtime="20221121 16:22:49.017"/>
</kw>
<if>
<branch type="IF" condition="${element_2}">
<kw name="Wait Until Element Is Visible" library="SeleniumLibrary">
<arg>${test}</arg>
<doc>Waits until the element ``locator`` is visible.</doc>
<status status="NOT RUN" starttime="20221121 16:22:49.018" endtime="20221121 16:22:49.019"/>
</kw>
<kw name="Press Keys" library="SeleniumLibrary">
<arg>${test}</arg>
<arg>ENTER</arg>
<doc>Simulates the user pressing key(s) to an element or on the active browser.</doc>
<status status="NOT RUN" starttime="20221121 16:22:49.019" endtime="20221121 16:22:49.019"/>
</kw>
<kw name="Exit For Loop" library="BuiltIn">
<doc>Stops executing the enclosing FOR loop.</doc>
<status status="NOT RUN" starttime="20221121 16:22:49.019" endtime="20221121 16:22:49.019"/>
</kw>
<status status="NOT RUN" starttime="20221121 16:22:49.018" endtime="20221121 16:22:49.019"/>
</branch>
<branch type="ELSE">
<kw name="Log" library="BuiltIn">
<arg>continue</arg>
<doc>Logs the given message with the given level.</doc>
<msg timestamp="20221121 16:22:49.020" level="INFO">continue</msg>
<status status="PASS" starttime="20221121 16:22:49.019" endtime="20221121 16:22:49.022"/>
</kw>
<status status="PASS" starttime="20221121 16:22:49.019" endtime="20221121 16:22:49.022"/>
</branch>
<status status="PASS" starttime="20221121 16:22:49.017" endtime="20221121 16:22:49.022"/>
</if>
<status status="PASS" starttime="20221121 16:22:48.621" endtime="20221121 16:22:49.022"/>
</iter>
<iter>
<var name="${i}">15</var>
<kw name="Press Keys" library="SeleniumLibrary">
<arg>none</arg>
<arg>ARROW_DOWN</arg>
<doc>Simulates the user pressing key(s) to an element or on the active browser.</doc>
<msg timestamp="20221121 16:22:49.024" level="INFO">Sending key(s) ('ARROW_DOWN',) to page.</msg>
<msg timestamp="20221121 16:22:49.024" level="INFO">Pressing special key ARROW_DOWN to browser.</msg>
<msg timestamp="20221121 16:22:49.024" level="INFO">Releasing special key ARROW_DOWN.</msg>
<status status="PASS" starttime="20221121 16:22:49.022" endtime="20221121 16:22:49.045"/>
</kw>
<kw name="Run Keyword And Return Status" library="BuiltIn">
<var>${element_2}</var>
<arg>Element Should Be Visible</arg>
<arg>${test}</arg>
<doc>Runs the given keyword with given arguments and returns the status as a Boolean value.</doc>
<kw name="Element Should Be Visible" library="SeleniumLibrary">
<arg>${test}</arg>
<doc>Verifies that the element identified by ``locator`` is visible.</doc>
<msg timestamp="20221121 16:22:49.343" level="INFO" html="true">&lt;/td&gt;&lt;/tr&gt;&lt;tr&gt;&lt;td colspan="3"&gt;&lt;a href="selenium-screenshot-77.png"&gt;&lt;img src="selenium-screenshot-77.png" width="800px"&gt;&lt;/a&gt;</msg>
<msg timestamp="20221121 16:22:49.343" level="FAIL">Element with locator 'Network Administrator' not found.</msg>
<status status="FAIL" starttime="20221121 16:22:49.046" endtime="20221121 16:22:49.346"/>
</kw>
<msg timestamp="20221121 16:22:49.347" level="INFO">${element_2} = False</msg>
<status status="PASS" starttime="20221121 16:22:49.046" endtime="20221121 16:22:49.347"/>
</kw>
<if>
<branch type="IF" condition="${element_2}">
<kw name="Wait Until Element Is Visible" library="SeleniumLibrary">
<arg>${test}</arg>
<doc>Waits until the element ``locator`` is visible.</doc>
<status status="NOT RUN" starttime="20221121 16:22:49.348" endtime="20221121 16:22:49.349"/>
</kw>
<kw name="Press Keys" library="SeleniumLibrary">
<arg>${test}</arg>
<arg>ENTER</arg>
<doc>Simulates the user pressing key(s) to an element or on the active browser.</doc>
<status status="NOT RUN" starttime="20221121 16:22:49.349" endtime="20221121 16:22:49.349"/>
</kw>
<kw name="Exit For Loop" library="BuiltIn">
<doc>Stops executing the enclosing FOR loop.</doc>
<status status="NOT RUN" starttime="20221121 16:22:49.350" endtime="20221121 16:22:49.350"/>
</kw>
<status status="NOT RUN" starttime="20221121 16:22:49.348" endtime="20221121 16:22:49.350"/>
</branch>
<branch type="ELSE">
<kw name="Log" library="BuiltIn">
<arg>continue</arg>
<doc>Logs the given message with the given level.</doc>
<msg timestamp="20221121 16:22:49.351" level="INFO">continue</msg>
<status status="PASS" starttime="20221121 16:22:49.351" endtime="20221121 16:22:49.351"/>
</kw>
<status status="PASS" starttime="20221121 16:22:49.350" endtime="20221121 16:22:49.351"/>
</branch>
<status status="PASS" starttime="20221121 16:22:49.347" endtime="20221121 16:22:49.351"/>
</if>
<status status="PASS" starttime="20221121 16:22:49.022" endtime="20221121 16:22:49.351"/>
</iter>
<iter>
<var name="${i}">16</var>
<kw name="Press Keys" library="SeleniumLibrary">
<arg>none</arg>
<arg>ARROW_DOWN</arg>
<doc>Simulates the user pressing key(s) to an element or on the active browser.</doc>
<msg timestamp="20221121 16:22:49.353" level="INFO">Sending key(s) ('ARROW_DOWN',) to page.</msg>
<msg timestamp="20221121 16:22:49.353" level="INFO">Pressing special key ARROW_DOWN to browser.</msg>
<msg timestamp="20221121 16:22:49.354" level="INFO">Releasing special key ARROW_DOWN.</msg>
<status status="PASS" starttime="20221121 16:22:49.352" endtime="20221121 16:22:49.474"/>
</kw>
<kw name="Run Keyword And Return Status" library="BuiltIn">
<var>${element_2}</var>
<arg>Element Should Be Visible</arg>
<arg>${test}</arg>
<doc>Runs the given keyword with given arguments and returns the status as a Boolean value.</doc>
<kw name="Element Should Be Visible" library="SeleniumLibrary">
<arg>${test}</arg>
<doc>Verifies that the element identified by ``locator`` is visible.</doc>
<msg timestamp="20221121 16:22:49.784" level="INFO" html="true">&lt;/td&gt;&lt;/tr&gt;&lt;tr&gt;&lt;td colspan="3"&gt;&lt;a href="selenium-screenshot-78.png"&gt;&lt;img src="selenium-screenshot-78.png" width="800px"&gt;&lt;/a&gt;</msg>
<msg timestamp="20221121 16:22:49.784" level="FAIL">Element with locator 'Network Administrator' not found.</msg>
<status status="FAIL" starttime="20221121 16:22:49.475" endtime="20221121 16:22:49.787"/>
</kw>
<msg timestamp="20221121 16:22:49.788" level="INFO">${element_2} = False</msg>
<status status="PASS" starttime="20221121 16:22:49.475" endtime="20221121 16:22:49.788"/>
</kw>
<if>
<branch type="IF" condition="${element_2}">
<kw name="Wait Until Element Is Visible" library="SeleniumLibrary">
<arg>${test}</arg>
<doc>Waits until the element ``locator`` is visible.</doc>
<status status="NOT RUN" starttime="20221121 16:22:49.789" endtime="20221121 16:22:49.789"/>
</kw>
<kw name="Press Keys" library="SeleniumLibrary">
<arg>${test}</arg>
<arg>ENTER</arg>
<doc>Simulates the user pressing key(s) to an element or on the active browser.</doc>
<status status="NOT RUN" starttime="20221121 16:22:49.789" endtime="20221121 16:22:49.790"/>
</kw>
<kw name="Exit For Loop" library="BuiltIn">
<doc>Stops executing the enclosing FOR loop.</doc>
<status status="NOT RUN" starttime="20221121 16:22:49.790" endtime="20221121 16:22:49.790"/>
</kw>
<status status="NOT RUN" starttime="20221121 16:22:49.789" endtime="20221121 16:22:49.790"/>
</branch>
<branch type="ELSE">
<kw name="Log" library="BuiltIn">
<arg>continue</arg>
<doc>Logs the given message with the given level.</doc>
<msg timestamp="20221121 16:22:49.791" level="INFO">continue</msg>
<status status="PASS" starttime="20221121 16:22:49.791" endtime="20221121 16:22:49.791"/>
</kw>
<status status="PASS" starttime="20221121 16:22:49.790" endtime="20221121 16:22:49.791"/>
</branch>
<status status="PASS" starttime="20221121 16:22:49.788" endtime="20221121 16:22:49.791"/>
</if>
<status status="PASS" starttime="20221121 16:22:49.352" endtime="20221121 16:22:49.791"/>
</iter>
<iter>
<var name="${i}">17</var>
<kw name="Press Keys" library="SeleniumLibrary">
<arg>none</arg>
<arg>ARROW_DOWN</arg>
<doc>Simulates the user pressing key(s) to an element or on the active browser.</doc>
<msg timestamp="20221121 16:22:49.794" level="INFO">Sending key(s) ('ARROW_DOWN',) to page.</msg>
<msg timestamp="20221121 16:22:49.794" level="INFO">Pressing special key ARROW_DOWN to browser.</msg>
<msg timestamp="20221121 16:22:49.794" level="INFO">Releasing special key ARROW_DOWN.</msg>
<status status="PASS" starttime="20221121 16:22:49.792" endtime="20221121 16:22:49.838"/>
</kw>
<kw name="Run Keyword And Return Status" library="BuiltIn">
<var>${element_2}</var>
<arg>Element Should Be Visible</arg>
<arg>${test}</arg>
<doc>Runs the given keyword with given arguments and returns the status as a Boolean value.</doc>
<kw name="Element Should Be Visible" library="SeleniumLibrary">
<arg>${test}</arg>
<doc>Verifies that the element identified by ``locator`` is visible.</doc>
<msg timestamp="20221121 16:22:50.172" level="INFO" html="true">&lt;/td&gt;&lt;/tr&gt;&lt;tr&gt;&lt;td colspan="3"&gt;&lt;a href="selenium-screenshot-79.png"&gt;&lt;img src="selenium-screenshot-79.png" width="800px"&gt;&lt;/a&gt;</msg>
<msg timestamp="20221121 16:22:50.172" level="FAIL">Element with locator 'Network Administrator' not found.</msg>
<status status="FAIL" starttime="20221121 16:22:49.839" endtime="20221121 16:22:50.174"/>
</kw>
<msg timestamp="20221121 16:22:50.174" level="INFO">${element_2} = False</msg>
<status status="PASS" starttime="20221121 16:22:49.838" endtime="20221121 16:22:50.174"/>
</kw>
<if>
<branch type="IF" condition="${element_2}">
<kw name="Wait Until Element Is Visible" library="SeleniumLibrary">
<arg>${test}</arg>
<doc>Waits until the element ``locator`` is visible.</doc>
<status status="NOT RUN" starttime="20221121 16:22:50.174" endtime="20221121 16:22:50.175"/>
</kw>
<kw name="Press Keys" library="SeleniumLibrary">
<arg>${test}</arg>
<arg>ENTER</arg>
<doc>Simulates the user pressing key(s) to an element or on the active browser.</doc>
<status status="NOT RUN" starttime="20221121 16:22:50.175" endtime="20221121 16:22:50.175"/>
</kw>
<kw name="Exit For Loop" library="BuiltIn">
<doc>Stops executing the enclosing FOR loop.</doc>
<status status="NOT RUN" starttime="20221121 16:22:50.175" endtime="20221121 16:22:50.175"/>
</kw>
<status status="NOT RUN" starttime="20221121 16:22:50.174" endtime="20221121 16:22:50.175"/>
</branch>
<branch type="ELSE">
<kw name="Log" library="BuiltIn">
<arg>continue</arg>
<doc>Logs the given message with the given level.</doc>
<msg timestamp="20221121 16:22:50.176" level="INFO">continue</msg>
<status status="PASS" starttime="20221121 16:22:50.175" endtime="20221121 16:22:50.176"/>
</kw>
<status status="PASS" starttime="20221121 16:22:50.175" endtime="20221121 16:22:50.176"/>
</branch>
<status status="PASS" starttime="20221121 16:22:50.174" endtime="20221121 16:22:50.176"/>
</if>
<status status="PASS" starttime="20221121 16:22:49.792" endtime="20221121 16:22:50.176"/>
</iter>
<iter>
<var name="${i}">18</var>
<kw name="Press Keys" library="SeleniumLibrary">
<arg>none</arg>
<arg>ARROW_DOWN</arg>
<doc>Simulates the user pressing key(s) to an element or on the active browser.</doc>
<msg timestamp="20221121 16:22:50.178" level="INFO">Sending key(s) ('ARROW_DOWN',) to page.</msg>
<msg timestamp="20221121 16:22:50.178" level="INFO">Pressing special key ARROW_DOWN to browser.</msg>
<msg timestamp="20221121 16:22:50.178" level="INFO">Releasing special key ARROW_DOWN.</msg>
<status status="PASS" starttime="20221121 16:22:50.177" endtime="20221121 16:22:50.263"/>
</kw>
<kw name="Run Keyword And Return Status" library="BuiltIn">
<var>${element_2}</var>
<arg>Element Should Be Visible</arg>
<arg>${test}</arg>
<doc>Runs the given keyword with given arguments and returns the status as a Boolean value.</doc>
<kw name="Element Should Be Visible" library="SeleniumLibrary">
<arg>${test}</arg>
<doc>Verifies that the element identified by ``locator`` is visible.</doc>
<msg timestamp="20221121 16:22:50.549" level="INFO" html="true">&lt;/td&gt;&lt;/tr&gt;&lt;tr&gt;&lt;td colspan="3"&gt;&lt;a href="selenium-screenshot-80.png"&gt;&lt;img src="selenium-screenshot-80.png" width="800px"&gt;&lt;/a&gt;</msg>
<msg timestamp="20221121 16:22:50.550" level="FAIL">Element with locator 'Network Administrator' not found.</msg>
<status status="FAIL" starttime="20221121 16:22:50.264" endtime="20221121 16:22:50.551"/>
</kw>
<msg timestamp="20221121 16:22:50.552" level="INFO">${element_2} = False</msg>
<status status="PASS" starttime="20221121 16:22:50.263" endtime="20221121 16:22:50.552"/>
</kw>
<if>
<branch type="IF" condition="${element_2}">
<kw name="Wait Until Element Is Visible" library="SeleniumLibrary">
<arg>${test}</arg>
<doc>Waits until the element ``locator`` is visible.</doc>
<status status="NOT RUN" starttime="20221121 16:22:50.552" endtime="20221121 16:22:50.553"/>
</kw>
<kw name="Press Keys" library="SeleniumLibrary">
<arg>${test}</arg>
<arg>ENTER</arg>
<doc>Simulates the user pressing key(s) to an element or on the active browser.</doc>
<status status="NOT RUN" starttime="20221121 16:22:50.553" endtime="20221121 16:22:50.553"/>
</kw>
<kw name="Exit For Loop" library="BuiltIn">
<doc>Stops executing the enclosing FOR loop.</doc>
<status status="NOT RUN" starttime="20221121 16:22:50.553" endtime="20221121 16:22:50.553"/>
</kw>
<status status="NOT RUN" starttime="20221121 16:22:50.552" endtime="20221121 16:22:50.553"/>
</branch>
<branch type="ELSE">
<kw name="Log" library="BuiltIn">
<arg>continue</arg>
<doc>Logs the given message with the given level.</doc>
<msg timestamp="20221121 16:22:50.554" level="INFO">continue</msg>
<status status="PASS" starttime="20221121 16:22:50.554" endtime="20221121 16:22:50.554"/>
</kw>
<status status="PASS" starttime="20221121 16:22:50.554" endtime="20221121 16:22:50.554"/>
</branch>
<status status="PASS" starttime="20221121 16:22:50.552" endtime="20221121 16:22:50.554"/>
</if>
<status status="PASS" starttime="20221121 16:22:50.176" endtime="20221121 16:22:50.555"/>
</iter>
<iter>
<var name="${i}">19</var>
<kw name="Press Keys" library="SeleniumLibrary">
<arg>none</arg>
<arg>ARROW_DOWN</arg>
<doc>Simulates the user pressing key(s) to an element or on the active browser.</doc>
<msg timestamp="20221121 16:22:50.556" level="INFO">Sending key(s) ('ARROW_DOWN',) to page.</msg>
<msg timestamp="20221121 16:22:50.556" level="INFO">Pressing special key ARROW_DOWN to browser.</msg>
<msg timestamp="20221121 16:22:50.556" level="INFO">Releasing special key ARROW_DOWN.</msg>
<status status="PASS" starttime="20221121 16:22:50.555" endtime="20221121 16:22:50.578"/>
</kw>
<kw name="Run Keyword And Return Status" library="BuiltIn">
<var>${element_2}</var>
<arg>Element Should Be Visible</arg>
<arg>${test}</arg>
<doc>Runs the given keyword with given arguments and returns the status as a Boolean value.</doc>
<kw name="Element Should Be Visible" library="SeleniumLibrary">
<arg>${test}</arg>
<doc>Verifies that the element identified by ``locator`` is visible.</doc>
<msg timestamp="20221121 16:22:50.875" level="INFO" html="true">&lt;/td&gt;&lt;/tr&gt;&lt;tr&gt;&lt;td colspan="3"&gt;&lt;a href="selenium-screenshot-81.png"&gt;&lt;img src="selenium-screenshot-81.png" width="800px"&gt;&lt;/a&gt;</msg>
<msg timestamp="20221121 16:22:50.876" level="FAIL">Element with locator 'Network Administrator' not found.</msg>
<status status="FAIL" starttime="20221121 16:22:50.579" endtime="20221121 16:22:50.877"/>
</kw>
<msg timestamp="20221121 16:22:50.878" level="INFO">${element_2} = False</msg>
<status status="PASS" starttime="20221121 16:22:50.578" endtime="20221121 16:22:50.878"/>
</kw>
<if>
<branch type="IF" condition="${element_2}">
<kw name="Wait Until Element Is Visible" library="SeleniumLibrary">
<arg>${test}</arg>
<doc>Waits until the element ``locator`` is visible.</doc>
<status status="NOT RUN" starttime="20221121 16:22:50.878" endtime="20221121 16:22:50.879"/>
</kw>
<kw name="Press Keys" library="SeleniumLibrary">
<arg>${test}</arg>
<arg>ENTER</arg>
<doc>Simulates the user pressing key(s) to an element or on the active browser.</doc>
<status status="NOT RUN" starttime="20221121 16:22:50.879" endtime="20221121 16:22:50.879"/>
</kw>
<kw name="Exit For Loop" library="BuiltIn">
<doc>Stops executing the enclosing FOR loop.</doc>
<status status="NOT RUN" starttime="20221121 16:22:50.879" endtime="20221121 16:22:50.880"/>
</kw>
<status status="NOT RUN" starttime="20221121 16:22:50.878" endtime="20221121 16:22:50.880"/>
</branch>
<branch type="ELSE">
<kw name="Log" library="BuiltIn">
<arg>continue</arg>
<doc>Logs the given message with the given level.</doc>
<msg timestamp="20221121 16:22:50.881" level="INFO">continue</msg>
<status status="PASS" starttime="20221121 16:22:50.880" endtime="20221121 16:22:50.881"/>
</kw>
<status status="PASS" starttime="20221121 16:22:50.880" endtime="20221121 16:22:50.881"/>
</branch>
<status status="PASS" starttime="20221121 16:22:50.878" endtime="20221121 16:22:50.881"/>
</if>
<status status="PASS" starttime="20221121 16:22:50.555" endtime="20221121 16:22:50.881"/>
</iter>
<iter>
<var name="${i}">20</var>
<kw name="Press Keys" library="SeleniumLibrary">
<arg>none</arg>
<arg>ARROW_DOWN</arg>
<doc>Simulates the user pressing key(s) to an element or on the active browser.</doc>
<msg timestamp="20221121 16:22:50.884" level="INFO">Sending key(s) ('ARROW_DOWN',) to page.</msg>
<msg timestamp="20221121 16:22:50.884" level="INFO">Pressing special key ARROW_DOWN to browser.</msg>
<msg timestamp="20221121 16:22:50.884" level="INFO">Releasing special key ARROW_DOWN.</msg>
<status status="PASS" starttime="20221121 16:22:50.881" endtime="20221121 16:22:50.910"/>
</kw>
<kw name="Run Keyword And Return Status" library="BuiltIn">
<var>${element_2}</var>
<arg>Element Should Be Visible</arg>
<arg>${test}</arg>
<doc>Runs the given keyword with given arguments and returns the status as a Boolean value.</doc>
<kw name="Element Should Be Visible" library="SeleniumLibrary">
<arg>${test}</arg>
<doc>Verifies that the element identified by ``locator`` is visible.</doc>
<msg timestamp="20221121 16:22:51.185" level="INFO" html="true">&lt;/td&gt;&lt;/tr&gt;&lt;tr&gt;&lt;td colspan="3"&gt;&lt;a href="selenium-screenshot-82.png"&gt;&lt;img src="selenium-screenshot-82.png" width="800px"&gt;&lt;/a&gt;</msg>
<msg timestamp="20221121 16:22:51.185" level="FAIL">Element with locator 'Network Administrator' not found.</msg>
<status status="FAIL" starttime="20221121 16:22:50.911" endtime="20221121 16:22:51.187"/>
</kw>
<msg timestamp="20221121 16:22:51.187" level="INFO">${element_2} = False</msg>
<status status="PASS" starttime="20221121 16:22:50.911" endtime="20221121 16:22:51.188"/>
</kw>
<if>
<branch type="IF" condition="${element_2}">
<kw name="Wait Until Element Is Visible" library="SeleniumLibrary">
<arg>${test}</arg>
<doc>Waits until the element ``locator`` is visible.</doc>
<status status="NOT RUN" starttime="20221121 16:22:51.188" endtime="20221121 16:22:51.188"/>
</kw>
<kw name="Press Keys" library="SeleniumLibrary">
<arg>${test}</arg>
<arg>ENTER</arg>
<doc>Simulates the user pressing key(s) to an element or on the active browser.</doc>
<status status="NOT RUN" starttime="20221121 16:22:51.188" endtime="20221121 16:22:51.188"/>
</kw>
<kw name="Exit For Loop" library="BuiltIn">
<doc>Stops executing the enclosing FOR loop.</doc>
<status status="NOT RUN" starttime="20221121 16:22:51.189" endtime="20221121 16:22:51.189"/>
</kw>
<status status="NOT RUN" starttime="20221121 16:22:51.188" endtime="20221121 16:22:51.189"/>
</branch>
<branch type="ELSE">
<kw name="Log" library="BuiltIn">
<arg>continue</arg>
<doc>Logs the given message with the given level.</doc>
<msg timestamp="20221121 16:22:51.189" level="INFO">continue</msg>
<status status="PASS" starttime="20221121 16:22:51.189" endtime="20221121 16:22:51.189"/>
</kw>
<status status="PASS" starttime="20221121 16:22:51.189" endtime="20221121 16:22:51.189"/>
</branch>
<status status="PASS" starttime="20221121 16:22:51.188" endtime="20221121 16:22:51.190"/>
</if>
<status status="PASS" starttime="20221121 16:22:50.881" endtime="20221121 16:22:51.190"/>
</iter>
<iter>
<var name="${i}">21</var>
<kw name="Press Keys" library="SeleniumLibrary">
<arg>none</arg>
<arg>ARROW_DOWN</arg>
<doc>Simulates the user pressing key(s) to an element or on the active browser.</doc>
<msg timestamp="20221121 16:22:51.191" level="INFO">Sending key(s) ('ARROW_DOWN',) to page.</msg>
<msg timestamp="20221121 16:22:51.191" level="INFO">Pressing special key ARROW_DOWN to browser.</msg>
<msg timestamp="20221121 16:22:51.191" level="INFO">Releasing special key ARROW_DOWN.</msg>
<status status="PASS" starttime="20221121 16:22:51.190" endtime="20221121 16:22:51.212"/>
</kw>
<kw name="Run Keyword And Return Status" library="BuiltIn">
<var>${element_2}</var>
<arg>Element Should Be Visible</arg>
<arg>${test}</arg>
<doc>Runs the given keyword with given arguments and returns the status as a Boolean value.</doc>
<kw name="Element Should Be Visible" library="SeleniumLibrary">
<arg>${test}</arg>
<doc>Verifies that the element identified by ``locator`` is visible.</doc>
<msg timestamp="20221121 16:22:51.477" level="INFO" html="true">&lt;/td&gt;&lt;/tr&gt;&lt;tr&gt;&lt;td colspan="3"&gt;&lt;a href="selenium-screenshot-83.png"&gt;&lt;img src="selenium-screenshot-83.png" width="800px"&gt;&lt;/a&gt;</msg>
<msg timestamp="20221121 16:22:51.477" level="FAIL">Element with locator 'Network Administrator' not found.</msg>
<status status="FAIL" starttime="20221121 16:22:51.213" endtime="20221121 16:22:51.480"/>
</kw>
<msg timestamp="20221121 16:22:51.480" level="INFO">${element_2} = False</msg>
<status status="PASS" starttime="20221121 16:22:51.212" endtime="20221121 16:22:51.480"/>
</kw>
<if>
<branch type="IF" condition="${element_2}">
<kw name="Wait Until Element Is Visible" library="SeleniumLibrary">
<arg>${test}</arg>
<doc>Waits until the element ``locator`` is visible.</doc>
<status status="NOT RUN" starttime="20221121 16:22:51.481" endtime="20221121 16:22:51.481"/>
</kw>
<kw name="Press Keys" library="SeleniumLibrary">
<arg>${test}</arg>
<arg>ENTER</arg>
<doc>Simulates the user pressing key(s) to an element or on the active browser.</doc>
<status status="NOT RUN" starttime="20221121 16:22:51.482" endtime="20221121 16:22:51.482"/>
</kw>
<kw name="Exit For Loop" library="BuiltIn">
<doc>Stops executing the enclosing FOR loop.</doc>
<status status="NOT RUN" starttime="20221121 16:22:51.482" endtime="20221121 16:22:51.482"/>
</kw>
<status status="NOT RUN" starttime="20221121 16:22:51.481" endtime="20221121 16:22:51.482"/>
</branch>
<branch type="ELSE">
<kw name="Log" library="BuiltIn">
<arg>continue</arg>
<doc>Logs the given message with the given level.</doc>
<msg timestamp="20221121 16:22:51.483" level="INFO">continue</msg>
<status status="PASS" starttime="20221121 16:22:51.483" endtime="20221121 16:22:51.484"/>
</kw>
<status status="PASS" starttime="20221121 16:22:51.483" endtime="20221121 16:22:51.484"/>
</branch>
<status status="PASS" starttime="20221121 16:22:51.480" endtime="20221121 16:22:51.484"/>
</if>
<status status="PASS" starttime="20221121 16:22:51.190" endtime="20221121 16:22:51.484"/>
</iter>
<iter>
<var name="${i}">22</var>
<kw name="Press Keys" library="SeleniumLibrary">
<arg>none</arg>
<arg>ARROW_DOWN</arg>
<doc>Simulates the user pressing key(s) to an element or on the active browser.</doc>
<msg timestamp="20221121 16:22:51.486" level="INFO">Sending key(s) ('ARROW_DOWN',) to page.</msg>
<msg timestamp="20221121 16:22:51.486" level="INFO">Pressing special key ARROW_DOWN to browser.</msg>
<msg timestamp="20221121 16:22:51.487" level="INFO">Releasing special key ARROW_DOWN.</msg>
<status status="PASS" starttime="20221121 16:22:51.485" endtime="20221121 16:22:51.522"/>
</kw>
<kw name="Run Keyword And Return Status" library="BuiltIn">
<var>${element_2}</var>
<arg>Element Should Be Visible</arg>
<arg>${test}</arg>
<doc>Runs the given keyword with given arguments and returns the status as a Boolean value.</doc>
<kw name="Element Should Be Visible" library="SeleniumLibrary">
<arg>${test}</arg>
<doc>Verifies that the element identified by ``locator`` is visible.</doc>
<msg timestamp="20221121 16:22:51.816" level="INFO" html="true">&lt;/td&gt;&lt;/tr&gt;&lt;tr&gt;&lt;td colspan="3"&gt;&lt;a href="selenium-screenshot-84.png"&gt;&lt;img src="selenium-screenshot-84.png" width="800px"&gt;&lt;/a&gt;</msg>
<msg timestamp="20221121 16:22:51.816" level="FAIL">Element with locator 'Network Administrator' not found.</msg>
<status status="FAIL" starttime="20221121 16:22:51.523" endtime="20221121 16:22:51.818"/>
</kw>
<msg timestamp="20221121 16:22:51.818" level="INFO">${element_2} = False</msg>
<status status="PASS" starttime="20221121 16:22:51.523" endtime="20221121 16:22:51.818"/>
</kw>
<if>
<branch type="IF" condition="${element_2}">
<kw name="Wait Until Element Is Visible" library="SeleniumLibrary">
<arg>${test}</arg>
<doc>Waits until the element ``locator`` is visible.</doc>
<status status="NOT RUN" starttime="20221121 16:22:51.819" endtime="20221121 16:22:51.819"/>
</kw>
<kw name="Press Keys" library="SeleniumLibrary">
<arg>${test}</arg>
<arg>ENTER</arg>
<doc>Simulates the user pressing key(s) to an element or on the active browser.</doc>
<status status="NOT RUN" starttime="20221121 16:22:51.819" endtime="20221121 16:22:51.819"/>
</kw>
<kw name="Exit For Loop" library="BuiltIn">
<doc>Stops executing the enclosing FOR loop.</doc>
<status status="NOT RUN" starttime="20221121 16:22:51.819" endtime="20221121 16:22:51.819"/>
</kw>
<status status="NOT RUN" starttime="20221121 16:22:51.818" endtime="20221121 16:22:51.819"/>
</branch>
<branch type="ELSE">
<kw name="Log" library="BuiltIn">
<arg>continue</arg>
<doc>Logs the given message with the given level.</doc>
<msg timestamp="20221121 16:22:51.820" level="INFO">continue</msg>
<status status="PASS" starttime="20221121 16:22:51.820" endtime="20221121 16:22:51.820"/>
</kw>
<status status="PASS" starttime="20221121 16:22:51.819" endtime="20221121 16:22:51.820"/>
</branch>
<status status="PASS" starttime="20221121 16:22:51.818" endtime="20221121 16:22:51.820"/>
</if>
<status status="PASS" starttime="20221121 16:22:51.484" endtime="20221121 16:22:51.820"/>
</iter>
<iter>
<var name="${i}">23</var>
<kw name="Press Keys" library="SeleniumLibrary">
<arg>none</arg>
<arg>ARROW_DOWN</arg>
<doc>Simulates the user pressing key(s) to an element or on the active browser.</doc>
<msg timestamp="20221121 16:22:51.822" level="INFO">Sending key(s) ('ARROW_DOWN',) to page.</msg>
<msg timestamp="20221121 16:22:51.822" level="INFO">Pressing special key ARROW_DOWN to browser.</msg>
<msg timestamp="20221121 16:22:51.822" level="INFO">Releasing special key ARROW_DOWN.</msg>
<status status="PASS" starttime="20221121 16:22:51.820" endtime="20221121 16:22:51.840"/>
</kw>
<kw name="Run Keyword And Return Status" library="BuiltIn">
<var>${element_2}</var>
<arg>Element Should Be Visible</arg>
<arg>${test}</arg>
<doc>Runs the given keyword with given arguments and returns the status as a Boolean value.</doc>
<kw name="Element Should Be Visible" library="SeleniumLibrary">
<arg>${test}</arg>
<doc>Verifies that the element identified by ``locator`` is visible.</doc>
<msg timestamp="20221121 16:22:52.112" level="INFO" html="true">&lt;/td&gt;&lt;/tr&gt;&lt;tr&gt;&lt;td colspan="3"&gt;&lt;a href="selenium-screenshot-85.png"&gt;&lt;img src="selenium-screenshot-85.png" width="800px"&gt;&lt;/a&gt;</msg>
<msg timestamp="20221121 16:22:52.112" level="FAIL">Element with locator 'Network Administrator' not found.</msg>
<status status="FAIL" starttime="20221121 16:22:51.841" endtime="20221121 16:22:52.114"/>
</kw>
<msg timestamp="20221121 16:22:52.114" level="INFO">${element_2} = False</msg>
<status status="PASS" starttime="20221121 16:22:51.840" endtime="20221121 16:22:52.115"/>
</kw>
<if>
<branch type="IF" condition="${element_2}">
<kw name="Wait Until Element Is Visible" library="SeleniumLibrary">
<arg>${test}</arg>
<doc>Waits until the element ``locator`` is visible.</doc>
<status status="NOT RUN" starttime="20221121 16:22:52.115" endtime="20221121 16:22:52.115"/>
</kw>
<kw name="Press Keys" library="SeleniumLibrary">
<arg>${test}</arg>
<arg>ENTER</arg>
<doc>Simulates the user pressing key(s) to an element or on the active browser.</doc>
<status status="NOT RUN" starttime="20221121 16:22:52.116" endtime="20221121 16:22:52.116"/>
</kw>
<kw name="Exit For Loop" library="BuiltIn">
<doc>Stops executing the enclosing FOR loop.</doc>
<status status="NOT RUN" starttime="20221121 16:22:52.116" endtime="20221121 16:22:52.116"/>
</kw>
<status status="NOT RUN" starttime="20221121 16:22:52.115" endtime="20221121 16:22:52.116"/>
</branch>
<branch type="ELSE">
<kw name="Log" library="BuiltIn">
<arg>continue</arg>
<doc>Logs the given message with the given level.</doc>
<msg timestamp="20221121 16:22:52.117" level="INFO">continue</msg>
<status status="PASS" starttime="20221121 16:22:52.116" endtime="20221121 16:22:52.117"/>
</kw>
<status status="PASS" starttime="20221121 16:22:52.116" endtime="20221121 16:22:52.117"/>
</branch>
<status status="PASS" starttime="20221121 16:22:52.115" endtime="20221121 16:22:52.117"/>
</if>
<status status="PASS" starttime="20221121 16:22:51.820" endtime="20221121 16:22:52.117"/>
</iter>
<iter>
<var name="${i}">24</var>
<kw name="Press Keys" library="SeleniumLibrary">
<arg>none</arg>
<arg>ARROW_DOWN</arg>
<doc>Simulates the user pressing key(s) to an element or on the active browser.</doc>
<msg timestamp="20221121 16:22:52.118" level="INFO">Sending key(s) ('ARROW_DOWN',) to page.</msg>
<msg timestamp="20221121 16:22:52.118" level="INFO">Pressing special key ARROW_DOWN to browser.</msg>
<msg timestamp="20221121 16:22:52.119" level="INFO">Releasing special key ARROW_DOWN.</msg>
<status status="PASS" starttime="20221121 16:22:52.117" endtime="20221121 16:22:52.137"/>
</kw>
<kw name="Run Keyword And Return Status" library="BuiltIn">
<var>${element_2}</var>
<arg>Element Should Be Visible</arg>
<arg>${test}</arg>
<doc>Runs the given keyword with given arguments and returns the status as a Boolean value.</doc>
<kw name="Element Should Be Visible" library="SeleniumLibrary">
<arg>${test}</arg>
<doc>Verifies that the element identified by ``locator`` is visible.</doc>
<msg timestamp="20221121 16:22:52.398" level="INFO" html="true">&lt;/td&gt;&lt;/tr&gt;&lt;tr&gt;&lt;td colspan="3"&gt;&lt;a href="selenium-screenshot-86.png"&gt;&lt;img src="selenium-screenshot-86.png" width="800px"&gt;&lt;/a&gt;</msg>
<msg timestamp="20221121 16:22:52.398" level="FAIL">Element with locator 'Network Administrator' not found.</msg>
<status status="FAIL" starttime="20221121 16:22:52.138" endtime="20221121 16:22:52.400"/>
</kw>
<msg timestamp="20221121 16:22:52.400" level="INFO">${element_2} = False</msg>
<status status="PASS" starttime="20221121 16:22:52.138" endtime="20221121 16:22:52.400"/>
</kw>
<if>
<branch type="IF" condition="${element_2}">
<kw name="Wait Until Element Is Visible" library="SeleniumLibrary">
<arg>${test}</arg>
<doc>Waits until the element ``locator`` is visible.</doc>
<status status="NOT RUN" starttime="20221121 16:22:52.401" endtime="20221121 16:22:52.401"/>
</kw>
<kw name="Press Keys" library="SeleniumLibrary">
<arg>${test}</arg>
<arg>ENTER</arg>
<doc>Simulates the user pressing key(s) to an element or on the active browser.</doc>
<status status="NOT RUN" starttime="20221121 16:22:52.401" endtime="20221121 16:22:52.401"/>
</kw>
<kw name="Exit For Loop" library="BuiltIn">
<doc>Stops executing the enclosing FOR loop.</doc>
<status status="NOT RUN" starttime="20221121 16:22:52.402" endtime="20221121 16:22:52.402"/>
</kw>
<status status="NOT RUN" starttime="20221121 16:22:52.401" endtime="20221121 16:22:52.402"/>
</branch>
<branch type="ELSE">
<kw name="Log" library="BuiltIn">
<arg>continue</arg>
<doc>Logs the given message with the given level.</doc>
<msg timestamp="20221121 16:22:52.402" level="INFO">continue</msg>
<status status="PASS" starttime="20221121 16:22:52.402" endtime="20221121 16:22:52.403"/>
</kw>
<status status="PASS" starttime="20221121 16:22:52.402" endtime="20221121 16:22:52.403"/>
</branch>
<status status="PASS" starttime="20221121 16:22:52.400" endtime="20221121 16:22:52.403"/>
</if>
<status status="PASS" starttime="20221121 16:22:52.117" endtime="20221121 16:22:52.403"/>
</iter>
<status status="PASS" starttime="20221121 16:22:43.911" endtime="20221121 16:22:52.403"/>
</for>
<status status="PASS" starttime="20221121 16:22:43.909" endtime="20221121 16:22:52.403"/>
</kw>
<kw name="Sleep" library="BuiltIn">
<arg>10</arg>
<doc>Pauses the test executed for the given time.</doc>
<msg timestamp="20221121 16:23:02.404" level="INFO">Slept 10 seconds</msg>
<status status="PASS" starttime="20221121 16:22:52.403" endtime="20221121 16:23:02.404"/>
</kw>
<status status="PASS" starttime="20221121 16:22:36.670" endtime="20221121 16:23:02.404"/>
</kw>
<status status="PASS" starttime="20221121 16:22:36.668" endtime="20221121 16:23:02.405"/>
</test>
<status status="PASS" starttime="20221121 16:22:23.725" endtime="20221121 16:23:02.409"/>
</suite>
<statistics>
<total>
<stat pass="3" fail="0" skip="0">All Tests</stat>
</total>
<tag>
</tag>
<suite>
<stat pass="3" fail="0" skip="0" id="s1" name="Tc">Tc</stat>
</suite>
</statistics>
<errors>
</errors>
</robot>
